GROUP,PACKAGE,CLASS,INSTRUCTION_MISSED,INSTRUCTION_COVERED,BRANCH_MISSED,BRANCH_COVERED,LINE_MISSED,LINE_COVERED,COMPLEXITY_MISSED,COMPLEXITY_COVERED,METHOD_MISSED,METHOD_COVERED
Testing Arithmetic Operations,default,MyClass,0,7,0,0,0,2,0,2,0,2
Testing Arithmetic Operations,io,FileIO,64,3,6,0,17,1,5,1,2,1
Testing Arithmetic Operations,math,ArithmeticOperations,0,43,0,10,0,11,0,8,0,3
Testing Arithmetic Operations,math,MyMath,0,56,0,12,0,15,0,9,0,3
Testing Arithmetic Operations,math,ArrayOperations,0,62,0,10,0,13,0,8,0,3
